<?xml version="1.0" encoding="UTF-8"?>
<testsuite name="it.uniba.app.AppTest" tests="3" skipped="0" failures="0" errors="0" timestamp="2023-07-17T08:27:39" hostname="ELIA_LAPTOP" time="0.621">
  <properties/>
  <testcase name="testCheckCommandInvalid(): Test che verifica che il comando sia invalido" classname="it.uniba.app.AppTest" time="0.572"/>
  <testcase name="appHasAGreeting()" classname="it.uniba.app.AppTest" time="0.003"/>
  <testcase name="testCheckCommandValid(): Test che verifica che il comando sia valido" classname="it.uniba.app.AppTest" time="0.023"/>
  <system-out><![CDATA[]]></system-out>
  <system-err><![CDATA[]]></system-err>
</testsuite>
