<?xml version="1.0" encoding="UTF-8"?>
<testsuite name="it.uniba.elements.TestVisualMap" tests="3" skipped="0" failures="0" errors="0" timestamp="2023-07-17T08:27:42" hostname="ELIA_LAPTOP" time="0.131">
  <properties/>
  <testcase name="testExceptionOnPersonalizedOddOutMap()" classname="it.uniba.elements.TestVisualMap" time="0.013"/>
  <testcase name="testExceptionOnPersonalizedLessThanSixOutMap()" classname="it.uniba.elements.TestVisualMap" time="0.086"/>
  <testcase name="testExceptionOnPersonalizedNegativeOutMap()" classname="it.uniba.elements.TestVisualMap" time="0.012"/>
  <system-out><![CDATA[]]></system-out>
  <system-err><![CDATA[]]></system-err>
</testsuite>
